Flutter crash report.
Please report a bug at https://github.com/flutter/flutter/issues.

## command

flutter doctor

## exception

_Exception: Exception: Could not find directory at E:\PROClass\flutter\flutter\bin\cache\dart-sdk/bin/resources/devtools

```
#0      Cache.devToolsVersion (package:flutter_tools/src/cache.dart:426:9)
#1      _FlutterVersionGit.devToolsVersion (package:flutter_tools/src/version.dart:643:47)
#2      FlutterVersion.toJson (package:flutter_tools/src/version.dart:269:24)
#3      _FlutterVersionGit.ensureVersionFile (package:flutter_tools/src/version.dart:675:56)
#4      FlutterCommandRunner.runCommand.<anonymous closure> (package:flutter_tools/src/runner/flutter_command_runner.dart:456:32)
<asynchronous suspension>
#5      AppContext.run.<anonymous closure> (package:flutter_tools/src/base/context.dart:154:19)
<asynchronous suspension>
#6      FlutterCommandRunner.runCommand (package:flutter_tools/src/runner/flutter_command_runner.dart:438:5)
<asynchronous suspension>
#7      run.<anonymous closure>.<anonymous closure> (package:flutter_tools/runner.dart:98:11)
<asynchronous suspension>
#8      AppContext.run.<anonymous closure> (package:flutter_tools/src/base/context.dart:154:19)
<asynchronous suspension>
#9      main (package:flutter_tools/executable.dart:101:3)
<asynchronous suspension>
```

## flutter doctor

```
[33m[!][39m Flutter (Channel stable, 3.35.5, on Microsoft Windows [版本 10.0.26200.8037], locale zh-CN) [377ms]
    [32m•[39m Flutter version 3.35.5 on channel stable at E:\PROClass\flutter\flutter
    [33m![39m Warning: `dart` on your path resolves to C:\tools\dart-sdk\bin\dart.exe, which is not inside your current Flutter SDK checkout at E:\PROClass\flutter\flutter. Consider adding E:\PROClass\flutter\flutter\bin to the front of your
      path.
    [32m•[39m Upstream repository https://github.com/flutter/flutter.git
    [32m•[39m Framework revision ac4e799d23 (6 months ago), 2025-09-26 12:05:09 -0700
    [32m•[39m Engine revision d3d45dcf25
    [32m•[39m Dart version 3.9.2
    [32m•[39m DevTools version 2.48.0
    [32m•[39m Pub download mirror https://pub.flutter-io.cn
    [32m•[39m Flutter download mirror https://storage.flutter-io.cn
    [32m•[39m Feature flags: enable-web, enable-linux-desktop, enable-macos-desktop, enable-windows-desktop, enable-android, enable-ios, cli-animations, enable-lldb-debugging
    [32m•[39m If those were intentional, you can disregard the above warnings; however it is recommended to use "git" directly to perform update checks and upgrades.

[32m[✓][39m Windows Version (Windows 11 or higher, 25H2, 2009) [1,749ms]

[31m[✗][39m Android toolchain - develop for Android devices [41ms]
    [31m✗[39m Unable to locate Android SDK.
      Install Android Studio from: https://developer.android.com/studio/index.html
      On first launch it will assist you in installing the Android SDK components.
      (or visit https://flutter.dev/to/windows-android-setup for detailed instructions).
      If the Android SDK has been installed to a custom location, please use
      `flutter config --android-sdk` to update to that location.


[32m[✓][39m Chrome - develop for the web [22ms]
    [32m•[39m Chrome at C:\Program Files (x86)\Google\Chrome\Application\chrome.exe

[31m[✗][39m Visual Studio - develop Windows apps [21ms]
    [31m✗[39m Visual Studio not installed; this is necessary to develop Windows apps.
      Download at https://visualstudio.microsoft.com/downloads/.
      Please install the "Desktop development with C++" workload, including all of its default components

[33m[!][39m Android Studio (not installed) [19ms]
    [32m•[39m Android Studio not found; download from https://developer.android.com/studio/index.html
      (or visit https://flutter.dev/to/windows-android-setup for detailed instructions).

[32m[✓][39m IntelliJ IDEA Ultimate Edition (version 2025.1) [18ms]
    [32m•[39m IntelliJ at D:\编程类\Jetbrains\IntelliJ IDEA 2025.1.2
    [32m•[39m Flutter plugin can be installed from:
      🔨 https://plugins.jetbrains.com/plugin/9212-flutter
    [32m•[39m Dart plugin can be installed from:
      🔨 https://plugins.jetbrains.com/plugin/6351-dart

[32m[✓][39m VS Code, 64-bit edition (version unknown) [10ms]
    [32m•[39m VS Code at C:\Program Files\Microsoft VS Code
    [32m•[39m Flutter extension version 3.130.0
    [31m✗[39m Unable to determine VS Code version.

[32m[✓][39m Connected device (3 available) [82ms]
    [32m•[39m Windows (desktop) • windows • windows-x64    • Microsoft Windows [版本 10.0.26200.8037]
    [32m•[39m Chrome (web)      • chrome  • web-javascript • Google Chrome 146.0.7680.153
    [32m•[39m Edge (web)        • edge    • web-javascript • Microsoft Edge 146.0.3856.62

[32m[✓][39m Network resources [1,340ms]
    [32m•[39m All expected network resources are available.

[33m![39m Doctor found issues in 4 categories.
```
